{"uuid":"37bc4b89-3e9c-481c-8a08-52d37d10cc31","historyId":"e4bcebdd69098933783cfc07cb17bf80","fullName":"src/test/resources/features/login.feature:7","labels":[{"name":"tag","value":"login"},{"name":"host","value":"LAPTOP-SPUR055"},{"name":"thread","value":"8348@LAPTOP-SPUR055.main(1)"},{"name":"feature","value":"User Login"},{"name":"story","value":"User logs in successfully"},{"name":"suite","value":"User Login"},{"name":"testClass","value":"User logs in successfully"},{"name":"framework","value":"cucumber4jvm"},{"name":"language","value":"java"},{"name":"gherkin_uri","value":"file:///D:/Automation/Automation1/src/test/resources/features/login.feature"},{"name":"package","value":"src.test.resources.features.login_feature.User Login"}],"links":[],"name":"User logs in successfully","status":"failed","statusDetails":{"known":false,"muted":false,"flaky":false,"message":"java.lang.AssertionError","trace":"java.lang.AssertionError\r\n\tat org.junit.Assert.fail(Assert.java:87)\r\n\tat org.junit.Assert.assertTrue(Assert.java:42)\r\n\tat org.junit.Assert.assertTrue(Assert.java:53)\r\n\tat steps.HomeSteps.login_successful(HomeSteps.java:49)\r\n\tat ✽.login should be successful(file:///D:/Automation/Automation1/src/test/resources/features/login.feature:9)\r\n"},"stage":"finished","steps":[{"name":"Given  user launches Demoblaze application","status":"passed","statusDetails":{"known":false,"muted":false,"flaky":false},"stage":"finished","steps":[],"attachments":[],"parameters":[],"start":1768540892177,"stop":1768540892297},{"name":"When  user logs in with valid data","status":"passed","statusDetails":{"known":false,"muted":false,"flaky":false},"stage":"finished","steps":[],"attachments":[],"parameters":[],"start":1768540892298,"stop":1768540895028},{"name":"Then  login should be successful","status":"failed","statusDetails":{"known":false,"muted":false,"flaky":false,"message":"java.lang.AssertionError","trace":"java.lang.AssertionError\r\n\tat org.junit.Assert.fail(Assert.java:87)\r\n\tat org.junit.Assert.assertTrue(Assert.java:42)\r\n\tat org.junit.Assert.assertTrue(Assert.java:53)\r\n\tat steps.HomeSteps.login_successful(HomeSteps.java:49)\r\n\tat ✽.login should be successful(file:///D:/Automation/Automation1/src/test/resources/features/login.feature:9)\r\n"},"stage":"finished","steps":[],"attachments":[],"parameters":[],"start":1768540895029,"stop":1768540895049}],"attachments":[],"parameters":[],"start":1768540892176,"stop":1768540895061}