{"uuid":"cd7a667d-eeaf-4ac9-a605-4e56b232fe62","historyId":"e4bcebdd69098933783cfc07cb17bf80","fullName":"src/test/resources/features/login.feature:7","labels":[{"name":"tag","value":"login"},{"name":"host","value":"LAPTOP-SPUR055"},{"name":"thread","value":"24260@LAPTOP-SPUR055.main(1)"},{"name":"feature","value":"User Login"},{"name":"story","value":"User logs in successfully"},{"name":"suite","value":"User Login"},{"name":"testClass","value":"User logs in successfully"},{"name":"framework","value":"cucumber4jvm"},{"name":"language","value":"java"},{"name":"gherkin_uri","value":"file:///D:/Automation/Automation1/src/test/resources/features/login.feature"},{"name":"package","value":"src.test.resources.features.login_feature.User Login"}],"links":[],"name":"User logs in successfully","status":"failed","statusDetails":{"known":false,"muted":false,"flaky":false,"message":"java.lang.AssertionError","trace":"java.lang.AssertionError\r\n\tat org.junit.Assert.fail(Assert.java:87)\r\n\tat org.junit.Assert.assertTrue(Assert.java:42)\r\n\tat org.junit.Assert.assertTrue(Assert.java:53)\r\n\tat steps.HomeSteps.login_should_be_successful(HomeSteps.java:48)\r\n\tat ✽.login should be successful(file:///D:/Automation/Automation1/src/test/resources/features/login.feature:9)\r\n"},"stage":"finished","steps":[{"name":"Given  user launches Demoblaze application","status":"passed","statusDetails":{"known":false,"muted":false,"flaky":false},"stage":"finished","steps":[],"attachments":[],"parameters":[],"start":1768564526338,"stop":1768564526439},{"name":"When  user logs in with valid data","status":"passed","statusDetails":{"known":false,"muted":false,"flaky":false},"stage":"finished","steps":[],"attachments":[],"parameters":[],"start":1768564526440,"stop":1768564528129},{"name":"Then  login should be successful","status":"failed","statusDetails":{"known":false,"muted":false,"flaky":false,"message":"java.lang.AssertionError","trace":"java.lang.AssertionError\r\n\tat org.junit.Assert.fail(Assert.java:87)\r\n\tat org.junit.Assert.assertTrue(Assert.java:42)\r\n\tat org.junit.Assert.assertTrue(Assert.java:53)\r\n\tat steps.HomeSteps.login_should_be_successful(HomeSteps.java:48)\r\n\tat ✽.login should be successful(file:///D:/Automation/Automation1/src/test/resources/features/login.feature:9)\r\n"},"stage":"finished","steps":[],"attachments":[],"parameters":[],"start":1768564528131,"stop":1768564528365}],"attachments":[],"parameters":[],"start":1768564526338,"stop":1768564528442}